#
# There is insufficient memory for the Java Runtime Environment to continue.
# Native memory allocation (malloc) failed to allocate 623776 bytes for Chunk::new
# Possible reasons:
#   The system is out of physical RAM or swap space
#   The process is running with CompressedOops enabled, and the Java Heap may be blocking the growth of the native heap
# Possible solutions:
#   Reduce memory load on the system
#   Increase physical memory or swap space
#   Check if swap backing store is full
#   Decrease Java heap size (-Xmx/-Xms)
#   Decrease number of Java threads
#   Decrease Java thread stack sizes (-Xss)
#   Set larger code cache with -XX:ReservedCodeCacheSize=
#   JVM is running with Unscaled Compressed Oops mode in which the Java heap is
#     placed in the first 4GB address space. The Java Heap base address is the
#     maximum limit for the native heap growth. Please use -XX:HeapBaseMinAddress
#     to set the Java Heap base and to place the Java Heap above 4GB virtual address.
# This output file may be truncated or incomplete.
#
#  Out of Memory Error (arena.cpp:189), pid=1332, tid=14144
#
# JRE version: Java(TM) SE Runtime Environment (17.0.6+9) (build 17.0.6+9-LTS-190)
# Java VM: Java HotSpot(TM) 64-Bit Server VM (17.0.6+9-LTS-190, mixed mode, sharing, tiered, compressed oops, compressed class ptrs, g1 gc, windows-amd64)
# No core dump will be written. Minidumps are not enabled by default on client versions of Windows
#

---------------  S U M M A R Y ------------

Command Line: -Xmx64m -Xms64m -Dorg.gradle.appname=gradlew org.gradle.wrapper.GradleWrapperMain --stop

Host: AMD Ryzen 5 4600H with Radeon Graphics         , 12 cores, 15G,  Windows 10 , 64 bit Build 19041 (10.0.19041.1348)
Time: Thu Apr 24 23:28:53 2025  Windows 10 , 64 bit Build 19041 (10.0.19041.1348) elapsed time: 0.431254 seconds (0d 0h 0m 0s)

---------------  T H R E A D  ---------------

Current thread (0x0000020d30101730):  JavaThread "C2 CompilerThread2" daemon [_thread_in_native, id=14144, stack(0x000000ef72c00000,0x000000ef72d00000)]


Current CompileTask:
C2:    431  785   !   4       jdk.internal.loader.URLClassPath$JarLoader::getResource (65 bytes)

Stack: [0x000000ef72c00000,0x000000ef72d00000]
Native frames: (J=compiled Java code, j=interpreted, Vv=VM code, C=native code)
V  [jvm.dll+0x6734ea]
V  [jvm.dll+0x7d18f4]
V  [jvm.dll+0x7d309e]
V  [jvm.dll+0x7d3703]
V  [jvm.dll+0x2433c5]
V  [jvm.dll+0xaa46b]
V  [jvm.dll+0xaaa0c]
V  [jvm.dll+0x2a8b1f]
V  [jvm.dll+0x57bf85]
V  [jvm.dll+0x21e142]
V  [jvm.dll+0x21e51f]
V  [jvm.dll+0x217c36]
V  [jvm.dll+0x215109]
V  [jvm.dll+0x1a1730]
V  [jvm.dll+0x224b6e]
V  [jvm.dll+0x222f15]
V  [jvm.dll+0x78753c]
V  [jvm.dll+0x781a7a]
V  [jvm.dll+0x672375]
C  [ucrtbase.dll+0x21bb2]
C  [KERNEL32.DLL+0x17034]
C  [ntdll.dll+0x52651]


---------------  P R O C E S S  ---------------

Threads class SMR info:
_java_thread_list=0x0000020d2ff18990, length=14, elements={
0x0000020d156ce010, 0x0000020d15782960, 0x0000020d157837d0, 0x0000020d1579aba0,
0x0000020d1579b750, 0x0000020d1579e110, 0x0000020d1579eac0, 0x0000020d1579ffc0,
0x0000020d157a24e0, 0x0000020d2f275fa0, 0x0000020d2fd59830, 0x0000020d2fd5cb40,
0x0000020d30103880, 0x0000020d30101730
}

Java Threads: ( => current thread )
  0x0000020d156ce010 JavaThread "main" [_thread_in_Java, id=23432, stack(0x000000ef71800000,0x000000ef71900000)]
  0x0000020d15782960 JavaThread "Reference Handler" daemon [_thread_blocked, id=9952, stack(0x000000ef71f00000,0x000000ef72000000)]
  0x0000020d157837d0 JavaThread "Finalizer" daemon [_thread_blocked, id=13372, stack(0x000000ef72000000,0x000000ef72100000)]
  0x0000020d1579aba0 JavaThread "Signal Dispatcher" daemon [_thread_blocked, id=14776, stack(0x000000ef72100000,0x000000ef72200000)]
  0x0000020d1579b750 JavaThread "Attach Listener" daemon [_thread_blocked, id=19156, stack(0x000000ef72200000,0x000000ef72300000)]
  0x0000020d1579e110 JavaThread "Service Thread" daemon [_thread_blocked, id=22560, stack(0x000000ef72300000,0x000000ef72400000)]
  0x0000020d1579eac0 JavaThread "Monitor Deflation Thread" daemon [_thread_blocked, id=21152, stack(0x000000ef72400000,0x000000ef72500000)]
  0x0000020d1579ffc0 JavaThread "C2 CompilerThread0" daemon [_thread_in_native, id=9628, stack(0x000000ef72500000,0x000000ef72600000)]
  0x0000020d157a24e0 JavaThread "C1 CompilerThread0" daemon [_thread_blocked, id=20828, stack(0x000000ef72600000,0x000000ef72700000)]
  0x0000020d2f275fa0 JavaThread "Sweeper thread" daemon [_thread_blocked, id=14668, stack(0x000000ef72700000,0x000000ef72800000)]
  0x0000020d2fd59830 JavaThread "Notification Thread" daemon [_thread_blocked, id=7936, stack(0x000000ef72800000,0x000000ef72900000)]
  0x0000020d2fd5cb40 JavaThread "Common-Cleaner" daemon [_thread_blocked, id=10064, stack(0x000000ef72a00000,0x000000ef72b00000)]
  0x0000020d30103880 JavaThread "C2 CompilerThread1" daemon [_thread_blocked, id=18052, stack(0x000000ef72b00000,0x000000ef72c00000)]
=>0x0000020d30101730 JavaThread "C2 CompilerThread2" daemon [_thread_in_native, id=14144, stack(0x000000ef72c00000,0x000000ef72d00000)]

Other Threads:
  0x0000020d1577a910 VMThread "VM Thread" [stack: 0x000000ef71e00000,0x000000ef71f00000] [id=19864]
  0x0000020d15705b60 WatcherThread [stack: 0x000000ef72900000,0x000000ef72a00000] [id=22296]
  0x0000020d156ef1c0 GCTaskThread "GC Thread#0" [stack: 0x000000ef71900000,0x000000ef71a00000] [id=12832]
  0x0000020d305c53b0 GCTaskThread "GC Thread#1" [stack: 0x000000ef72d00000,0x000000ef72e00000] [id=13128]
  0x0000020d30177b10 GCTaskThread "GC Thread#2" [stack: 0x000000ef72e00000,0x000000ef72f00000] [id=23088]
  0x0000020d3043e760 GCTaskThread "GC Thread#3" [stack: 0x000000ef72f00000,0x000000ef73000000] [id=6352]
  0x0000020d156f1910 ConcurrentGCThread "G1 Main Marker" [stack: 0x000000ef71a00000,0x000000ef71b00000] [id=13624]
  0x0000020d156f2320 ConcurrentGCThread "G1 Conc#0" [stack: 0x000000ef71b00000,0x000000ef71c00000] [id=2756]
  0x0000020d1575adb0 ConcurrentGCThread "G1 Refine#0" [stack: 0x000000ef71c00000,0x000000ef71d00000] [id=13984]
  0x0000020d1575b7d0 ConcurrentGCThread "G1 Service" [stack: 0x000000ef71d00000,0x000000ef71e00000] [id=1516]

Threads with active compile tasks:
C2 CompilerThread0      442  757       4       java.util.jar.JarFile::getEntry (35 bytes)
C2 CompilerThread2      442  785   !   4       jdk.internal.loader.URLClassPath$JarLoader::getResource (65 bytes)

VM state: not at safepoint (normal execution)

VM Mutex/Monitor currently owned by a thread: None

Heap address: 0x00000000fc000000, size: 64 MB, Compressed Oops mode: 32-bit

CDS archive(s) mapped at: [0x0000000800000000-0x0000000800bd0000-0x0000000800bd0000), size 12386304, SharedBaseAddress: 0x0000000800000000, ArchiveRelocationMode: 0.
Compressed class space mapped at: 0x0000000800c00000-0x0000000840c00000, reserved size: 1073741824
Narrow klass base: 0x0000000800000000, Narrow klass shift: 0, Narrow klass range: 0x100000000

GC Precious Log:
 CPUs: 12 total, 12 available
 Memory: 16253M
 Large Page Support: Disabled
 NUMA Support: Disabled
 Compressed Oops: Enabled (32-bit)
 Heap Region Size: 1M
 Heap Min Capacity: 64M
 Heap Initial Capacity: 64M
 Heap Max Capacity: 64M
 Pre-touch: Disabled
 Parallel Workers: 10
 Concurrent Workers: 3
 Concurrent Refinement Workers: 10
 Periodic GC: Disabled

Heap:
 garbage-first heap   total 65536K, used 15136K [0x00000000fc000000, 0x0000000100000000)
  region size 1024K, 14 young (14336K), 3 survivors (3072K)
 Metaspace       used 3334K, committed 3456K, reserved 1056768K
  class space    used 386K, committed 448K, reserved 1048576K

Heap Regions: E=young(eden), S=young(survivor), O=old, HS=humongous(starts), HC=humongous(continues), CS=collection set, F=free, OA=open archive, CA=closed archive, TAMS=top-at-mark-start (previous, next)
|   0|0x00000000fc000000, 0x00000000fc100000, 0x00000000fc100000|100%|HS|  |TAMS 0x00000000fc000000, 0x00000000fc000000| Complete 
|   1|0x00000000fc100000, 0x00000000fc200000, 0x00000000fc200000|100%|HC|  |TAMS 0x00000000fc100000, 0x00000000fc100000| Complete 
|   2|0x00000000fc200000, 0x00000000fc300000, 0x00000000fc300000|100%|HC|  |TAMS 0x00000000fc200000, 0x00000000fc200000| Complete 
|   3|0x00000000fc300000, 0x00000000fc300000, 0x00000000fc400000|  0%| F|  |TAMS 0x00000000fc300000, 0x00000000fc300000| Untracked 
|   4|0x00000000fc400000, 0x00000000fc400000, 0x00000000fc500000|  0%| F|  |TAMS 0x00000000fc400000, 0x00000000fc400000| Untracked 
|   5|0x00000000fc500000, 0x00000000fc500000, 0x00000000fc600000|  0%| F|  |TAMS 0x00000000fc500000, 0x00000000fc500000| Untracked 
|   6|0x00000000fc600000, 0x00000000fc600000, 0x00000000fc700000|  0%| F|  |TAMS 0x00000000fc600000, 0x00000000fc600000| Untracked 
|   7|0x00000000fc700000, 0x00000000fc700000, 0x00000000fc800000|  0%| F|  |TAMS 0x00000000fc700000, 0x00000000fc700000| Untracked 
|   8|0x00000000fc800000, 0x00000000fc800000, 0x00000000fc900000|  0%| F|  |TAMS 0x00000000fc800000, 0x00000000fc800000| Untracked 
|   9|0x00000000fc900000, 0x00000000fc900000, 0x00000000fca00000|  0%| F|  |TAMS 0x00000000fc900000, 0x00000000fc900000| Untracked 
|  10|0x00000000fca00000, 0x00000000fca00000, 0x00000000fcb00000|  0%| F|  |TAMS 0x00000000fca00000, 0x00000000fca00000| Untracked 
|  11|0x00000000fcb00000, 0x00000000fcb00000, 0x00000000fcc00000|  0%| F|  |TAMS 0x00000000fcb00000, 0x00000000fcb00000| Untracked 
|  12|0x00000000fcc00000, 0x00000000fcc00000, 0x00000000fcd00000|  0%| F|  |TAMS 0x00000000fcc00000, 0x00000000fcc00000| Untracked 
|  13|0x00000000fcd00000, 0x00000000fcd00000, 0x00000000fce00000|  0%| F|  |TAMS 0x00000000fcd00000, 0x00000000fcd00000| Untracked 
|  14|0x00000000fce00000, 0x00000000fce00000, 0x00000000fcf00000|  0%| F|  |TAMS 0x00000000fce00000, 0x00000000fce00000| Untracked 
|  15|0x00000000fcf00000, 0x00000000fcf00000, 0x00000000fd000000|  0%| F|  |TAMS 0x00000000fcf00000, 0x00000000fcf00000| Untracked 
|  16|0x00000000fd000000, 0x00000000fd000000, 0x00000000fd100000|  0%| F|  |TAMS 0x00000000fd000000, 0x00000000fd000000| Untracked 
|  17|0x00000000fd100000, 0x00000000fd100000, 0x00000000fd200000|  0%| F|  |TAMS 0x00000000fd100000, 0x00000000fd100000| Untracked 
|  18|0x00000000fd200000, 0x00000000fd200000, 0x00000000fd300000|  0%| F|  |TAMS 0x00000000fd200000, 0x00000000fd200000| Untracked 
|  19|0x00000000fd300000, 0x00000000fd300000, 0x00000000fd400000|  0%| F|  |TAMS 0x00000000fd300000, 0x00000000fd300000| Untracked 
|  20|0x00000000fd400000, 0x00000000fd400000, 0x00000000fd500000|  0%| F|  |TAMS 0x00000000fd400000, 0x00000000fd400000| Untracked 
|  21|0x00000000fd500000, 0x00000000fd500000, 0x00000000fd600000|  0%| F|  |TAMS 0x00000000fd500000, 0x00000000fd500000| Untracked 
|  22|0x00000000fd600000, 0x00000000fd600000, 0x00000000fd700000|  0%| F|  |TAMS 0x00000000fd600000, 0x00000000fd600000| Untracked 
|  23|0x00000000fd700000, 0x00000000fd700000, 0x00000000fd800000|  0%| F|  |TAMS 0x00000000fd700000, 0x00000000fd700000| Untracked 
|  24|0x00000000fd800000, 0x00000000fd800000, 0x00000000fd900000|  0%| F|  |TAMS 0x00000000fd800000, 0x00000000fd800000| Untracked 
|  25|0x00000000fd900000, 0x00000000fd900000, 0x00000000fda00000|  0%| F|  |TAMS 0x00000000fd900000, 0x00000000fd900000| Untracked 
|  26|0x00000000fda00000, 0x00000000fda00000, 0x00000000fdb00000|  0%| F|  |TAMS 0x00000000fda00000, 0x00000000fda00000| Untracked 
|  27|0x00000000fdb00000, 0x00000000fdb00000, 0x00000000fdc00000|  0%| F|  |TAMS 0x00000000fdb00000, 0x00000000fdb00000| Untracked 
|  28|0x00000000fdc00000, 0x00000000fdc00000, 0x00000000fdd00000|  0%| F|  |TAMS 0x00000000fdc00000, 0x00000000fdc00000| Untracked 
|  29|0x00000000fdd00000, 0x00000000fdd00000, 0x00000000fde00000|  0%| F|  |TAMS 0x00000000fdd00000, 0x00000000fdd00000| Untracked 
|  30|0x00000000fde00000, 0x00000000fde00000, 0x00000000fdf00000|  0%| F|  |TAMS 0x00000000fde00000, 0x00000000fde00000| Untracked 
|  31|0x00000000fdf00000, 0x00000000fdf00000, 0x00000000fe000000|  0%| F|  |TAMS 0x00000000fdf00000, 0x00000000fdf00000| Untracked 
|  32|0x00000000fe000000, 0x00000000fe000000, 0x00000000fe100000|  0%| F|  |TAMS 0x00000000fe000000, 0x00000000fe000000| Untracked 
|  33|0x00000000fe100000, 0x00000000fe100000, 0x00000000fe200000|  0%| F|  |TAMS 0x00000000fe100000, 0x00000000fe100000| Untracked 
|  34|0x00000000fe200000, 0x00000000fe200000, 0x00000000fe300000|  0%| F|  |TAMS 0x00000000fe200000, 0x00000000fe200000| Untracked 
|  35|0x00000000fe300000, 0x00000000fe300000, 0x00000000fe400000|  0%| F|  |TAMS 0x00000000fe300000, 0x00000000fe300000| Untracked 
|  36|0x00000000fe400000, 0x00000000fe400000, 0x00000000fe500000|  0%| F|  |TAMS 0x00000000fe400000, 0x00000000fe400000| Untracked 
|  37|0x00000000fe500000, 0x00000000fe500000, 0x00000000fe600000|  0%| F|  |TAMS 0x00000000fe500000, 0x00000000fe500000| Untracked 
|  38|0x00000000fe600000, 0x00000000fe6c8000, 0x00000000fe700000| 78%| S|CS|TAMS 0x00000000fe600000, 0x00000000fe600000| Complete 
|  39|0x00000000fe700000, 0x00000000fe800000, 0x00000000fe800000|100%| S|CS|TAMS 0x00000000fe700000, 0x00000000fe700000| Complete 
|  40|0x00000000fe800000, 0x00000000fe900000, 0x00000000fe900000|100%| S|CS|TAMS 0x00000000fe800000, 0x00000000fe800000| Complete 
|  41|0x00000000fe900000, 0x00000000fe900000, 0x00000000fea00000|  0%| F|  |TAMS 0x00000000fe900000, 0x00000000fe900000| Untracked 
|  42|0x00000000fea00000, 0x00000000fea00000, 0x00000000feb00000|  0%| F|  |TAMS 0x00000000fea00000, 0x00000000fea00000| Untracked 
|  43|0x00000000feb00000, 0x00000000feb00000, 0x00000000fec00000|  0%| F|  |TAMS 0x00000000feb00000, 0x00000000feb00000| Untracked 
|  44|0x00000000fec00000, 0x00000000fec00000, 0x00000000fed00000|  0%| F|  |TAMS 0x00000000fec00000, 0x00000000fec00000| Untracked 
|  45|0x00000000fed00000, 0x00000000fed00000, 0x00000000fee00000|  0%| F|  |TAMS 0x00000000fed00000, 0x00000000fed00000| Untracked 
|  46|0x00000000fee00000, 0x00000000fee00000, 0x00000000fef00000|  0%| F|  |TAMS 0x00000000fee00000, 0x00000000fee00000| Untracked 
|  47|0x00000000fef00000, 0x00000000fef00000, 0x00000000ff000000|  0%| F|  |TAMS 0x00000000fef00000, 0x00000000fef00000| Untracked 
|  48|0x00000000ff000000, 0x00000000ff000000, 0x00000000ff100000|  0%| F|  |TAMS 0x00000000ff000000, 0x00000000ff000000| Untracked 
|  49|0x00000000ff100000, 0x00000000ff100000, 0x00000000ff200000|  0%| F|  |TAMS 0x00000000ff100000, 0x00000000ff100000| Untracked 
|  50|0x00000000ff200000, 0x00000000ff200000, 0x00000000ff300000|  0%| F|  |TAMS 0x00000000ff200000, 0x00000000ff200000| Untracked 
|  51|0x00000000ff300000, 0x00000000ff300000, 0x00000000ff400000|  0%| F|  |TAMS 0x00000000ff300000, 0x00000000ff300000| Untracked 
|  52|0x00000000ff400000, 0x00000000ff400000, 0x00000000ff500000|  0%| F|  |TAMS 0x00000000ff400000, 0x00000000ff400000| Untracked 
|  53|0x00000000ff500000, 0x00000000ff600000, 0x00000000ff600000|100%| E|  |TAMS 0x00000000ff500000, 0x00000000ff500000| Complete 
|  54|0x00000000ff600000, 0x00000000ff700000, 0x00000000ff700000|100%| E|CS|TAMS 0x00000000ff600000, 0x00000000ff600000| Complete 
|  55|0x00000000ff700000, 0x00000000ff800000, 0x00000000ff800000|100%| E|CS|TAMS 0x00000000ff700000, 0x00000000ff700000| Complete 
|  56|0x00000000ff800000, 0x00000000ff900000, 0x00000000ff900000|100%| E|CS|TAMS 0x00000000ff800000, 0x00000000ff800000| Complete 
|  57|0x00000000ff900000, 0x00000000ffa00000, 0x00000000ffa00000|100%| E|CS|TAMS 0x00000000ff900000, 0x00000000ff900000| Complete 
|  58|0x00000000ffa00000, 0x00000000ffb00000, 0x00000000ffb00000|100%| E|CS|TAMS 0x00000000ffa00000, 0x00000000ffa00000| Complete 
|  59|0x00000000ffb00000, 0x00000000ffc00000, 0x00000000ffc00000|100%| E|CS|TAMS 0x00000000ffb00000, 0x00000000ffb00000| Complete 
|  60|0x00000000ffc00000, 0x00000000ffd00000, 0x00000000ffd00000|100%| E|CS|TAMS 0x00000000ffc00000, 0x00000000ffc00000| Complete 
|  61|0x00000000ffd00000, 0x00000000ffe00000, 0x00000000ffe00000|100%| E|  |TAMS 0x00000000ffd00000, 0x00000000ffd00000| Complete 
|  62|0x00000000ffe00000, 0x00000000fff00000, 0x00000000fff00000|100%| E|CS|TAMS 0x00000000ffe00000, 0x00000000ffe00000| Complete 
|  63|0x00000000fff00000, 0x0000000100000000, 0x0000000100000000|100%| E|CS|TAMS 0x00000000fff00000, 0x00000000fff00000| Complete 

Card table byte_map: [0x0000020d15620000,0x0000020d15640000] _byte_map_base: 0x0000020d14e40000

Marking Bits (Prev, Next): (CMBitMap*) 0x0000020d156ef7d0, (CMBitMap*) 0x0000020d156ef810
 Prev Bits: [0x0000020d2c4b0000, 0x0000020d2c5b0000)
 Next Bits: [0x0000020d2c5b0000, 0x0000020d2c6b0000)

Polling page: 0x0000020d13670000

Metaspace:

Usage:
  Non-class:      2.89 MB used.
      Class:    387.80 KB used.
       Both:      3.27 MB used.

Virtual space:
  Non-class space:        8.00 MB reserved,       3.00 MB ( 38%) committed,  1 nodes.
      Class space:        1.00 GB reserved,     448.00 KB ( <1%) committed,  1 nodes.
             Both:        1.01 GB reserved,       3.44 MB ( <1%) committed. 

Chunk freelists:
   Non-Class:  2.86 MB
       Class:  3.50 MB
        Both:  6.36 MB

MaxMetaspaceSize: unlimited
CompressedClassSpaceSize: 1.00 GB
Initial GC threshold: 21.00 MB
Current GC threshold: 21.00 MB
CDS: on
MetaspaceReclaimPolicy: balanced
 - commit_granule_bytes: 65536.
 - commit_granule_words: 8192.
 - virtual_space_node_default_size: 1048576.
 - enlarge_chunks_in_place: 1.
 - new_chunks_are_fully_committed: 0.
 - uncommit_free_chunks: 1.
 - use_allocation_guard: 0.
 - handle_deallocations: 1.


Internal statistics:

num_allocs_failed_limit: 0.
num_arena_births: 16.
num_arena_deaths: 0.
num_vsnodes_births: 2.
num_vsnodes_deaths: 0.
num_space_committed: 55.
num_space_uncommitted: 0.
num_chunks_returned_to_freelist: 0.
num_chunks_taken_from_freelist: 89.
num_chunk_merges: 0.
num_chunk_splits: 59.
num_chunks_enlarged: 54.
num_purges: 0.
num_inconsistent_stats: 0.

CodeHeap 'non-profiled nmethods': size=120000Kb used=400Kb max_used=400Kb free=119599Kb
 bounds [0x0000020d24a30000, 0x0000020d24ca0000, 0x0000020d2bf60000]
CodeHeap 'profiled nmethods': size=120000Kb used=1618Kb max_used=1618Kb free=118381Kb
 bounds [0x0000020d1cf60000, 0x0000020d1d1d0000, 0x0000020d24490000]
CodeHeap 'non-nmethods': size=5760Kb used=1128Kb max_used=1163Kb free=4631Kb
 bounds [0x0000020d24490000, 0x0000020d24700000, 0x0000020d24a30000]
 total_blobs=1285 nmethods=873 adapters=325
 compilation: enabled
              stopped_count=0, restarted_count=0
 full_count=0

Compilation events (20 events):
Event: 0.418 Thread 0x0000020d157a24e0  864       3       java.net.URLClassLoader::getAndVerifyPackage (109 bytes)
Event: 0.418 Thread 0x0000020d157a24e0 nmethod 864 0x0000020d1d0ec810 code [0x0000020d1d0ecb80, 0x0000020d1d0edce8]
Event: 0.418 Thread 0x0000020d157a24e0  865       3       jdk.internal.perf.PerfCounter::getReadClassBytesTime (4 bytes)
Event: 0.419 Thread 0x0000020d157a24e0 nmethod 865 0x0000020d1d0ee310 code [0x0000020d1d0ee4a0, 0x0000020d1d0ee598]
Event: 0.419 Thread 0x0000020d30103880 nmethod 842% 0x0000020d24a90010 code [0x0000020d24a90220, 0x0000020d24a911a8]
Event: 0.419 Thread 0x0000020d30103880  852       4       java.nio.DirectByteBuffer::ix (10 bytes)
Event: 0.420 Thread 0x0000020d30103880 nmethod 852 0x0000020d24a91c10 code [0x0000020d24a91d80, 0x0000020d24a91df8]
Event: 0.420 Thread 0x0000020d30103880  763       4       java.lang.AbstractStringBuilder::append (45 bytes)
Event: 0.423 Thread 0x0000020d157a24e0  867       3       java.lang.ref.SoftReference::get (29 bytes)
Event: 0.423 Thread 0x0000020d157a24e0 nmethod 867 0x0000020d1d0ee610 code [0x0000020d1d0ee7a0, 0x0000020d1d0ee978]
Event: 0.423 Thread 0x0000020d157a24e0  868       3       jdk.internal.loader.BuiltinClassLoader::loadClass (22 bytes)
Event: 0.423 Thread 0x0000020d157a24e0 nmethod 868 0x0000020d1d0eea10 code [0x0000020d1d0eebc0, 0x0000020d1d0eee78]
Event: 0.423 Thread 0x0000020d157a24e0  869       3       jdk.internal.loader.ClassLoaders$BootClassLoader::loadClassOrNull (10 bytes)
Event: 0.423 Thread 0x0000020d157a24e0 nmethod 869 0x0000020d1d0eef90 code [0x0000020d1d0ef160, 0x0000020d1d0ef3d8]
Event: 0.423 Thread 0x0000020d157a24e0  870       3       java.lang.ClassLoader::definePackage (85 bytes)
Event: 0.424 Thread 0x0000020d30103880 nmethod 763 0x0000020d24a92390 code [0x0000020d24a92540, 0x0000020d24a92bc8]
Event: 0.424 Thread 0x0000020d30103880  822       4       java.util.HashMap::get (19 bytes)
Event: 0.424 Thread 0x0000020d157a24e0 nmethod 870 0x0000020d1d0ef510 code [0x0000020d1d0ef7e0, 0x0000020d1d0f0738]
Event: 0.424 Thread 0x0000020d157a24e0  871       3       java.lang.ClassLoader::compareCerts (197 bytes)
Event: 0.424 Thread 0x0000020d157a24e0 nmethod 871 0x0000020d1d0f0c10 code [0x0000020d1d0f0e20, 0x0000020d1d0f16d8]

GC Heap History (2 events):
Event: 0.287 GC heap before
{Heap before GC invocations=0 (full 0):
 garbage-first heap   total 65536K, used 22528K [0x00000000fc000000, 0x0000000100000000)
  region size 1024K, 23 young (23552K), 0 survivors (0K)
 Metaspace       used 1867K, committed 1984K, reserved 1056768K
  class space    used 162K, committed 192K, reserved 1048576K
}
Event: 0.290 GC heap after
{Heap after GC invocations=1 (full 0):
 garbage-first heap   total 65536K, used 2848K [0x00000000fc000000, 0x0000000100000000)
  region size 1024K, 3 young (3072K), 3 survivors (3072K)
 Metaspace       used 1867K, committed 1984K, reserved 1056768K
  class space    used 162K, committed 192K, reserved 1048576K
}

Deoptimization events (20 events):
Event: 0.333 Thread 0x0000020d156ce010 DEOPT PACKING pc=0x0000020d1d062da7 sp=0x000000ef718f7510
Event: 0.333 Thread 0x0000020d156ce010 DEOPT UNPACKING pc=0x0000020d244e2b43 sp=0x000000ef718f6970 mode 0
Event: 0.374 Thread 0x0000020d156ce010 Uncommon trap: trap_request=0xffffff45 fr.pc=0x0000020d24a6615c relative=0x000000000000005c
Event: 0.374 Thread 0x0000020d156ce010 Uncommon trap: reason=unstable_if action=reinterpret pc=0x0000020d24a6615c method=java.util.LinkedHashMap.afterNodeInsertion(Z)V @ 1 c2
Event: 0.375 Thread 0x0000020d156ce010 DEOPT PACKING pc=0x0000020d24a6615c sp=0x000000ef718fd0b0
Event: 0.375 Thread 0x0000020d156ce010 DEOPT UNPACKING pc=0x0000020d244e23a3 sp=0x000000ef718fd030 mode 2
Event: 0.392 Thread 0x0000020d156ce010 Uncommon trap: trap_request=0xffffffde fr.pc=0x0000020d24a57534 relative=0x00000000000007d4
Event: 0.392 Thread 0x0000020d156ce010 Uncommon trap: reason=class_check action=maybe_recompile pc=0x0000020d24a57534 method=java.util.Properties$LineReader.readLine()I @ 70 c2
Event: 0.392 Thread 0x0000020d156ce010 DEOPT PACKING pc=0x0000020d24a57534 sp=0x000000ef718fc440
Event: 0.392 Thread 0x0000020d156ce010 DEOPT UNPACKING pc=0x0000020d244e23a3 sp=0x000000ef718fc3e0 mode 2
Event: 0.392 Thread 0x0000020d156ce010 Uncommon trap: trap_request=0xffffff45 fr.pc=0x0000020d24a571d4 relative=0x0000000000000474
Event: 0.392 Thread 0x0000020d156ce010 Uncommon trap: reason=unstable_if action=reinterpret pc=0x0000020d24a571d4 method=java.util.Properties$LineReader.readLine()I @ 189 c2
Event: 0.392 Thread 0x0000020d156ce010 DEOPT PACKING pc=0x0000020d24a571d4 sp=0x000000ef718fc440
Event: 0.392 Thread 0x0000020d156ce010 DEOPT UNPACKING pc=0x0000020d244e23a3 sp=0x000000ef718fc3e8 mode 2
Event: 0.392 Thread 0x0000020d156ce010 Uncommon trap: trap_request=0xffffff45 fr.pc=0x0000020d24a551a4 relative=0x0000000000000a24
Event: 0.392 Thread 0x0000020d156ce010 Uncommon trap: reason=unstable_if action=reinterpret pc=0x0000020d24a551a4 method=java.util.Properties$LineReader.readLine()I @ 209 c2
Event: 0.392 Thread 0x0000020d156ce010 DEOPT PACKING pc=0x0000020d24a551a4 sp=0x000000ef718fc440
Event: 0.392 Thread 0x0000020d156ce010 DEOPT UNPACKING pc=0x0000020d244e23a3 sp=0x000000ef718fc3e8 mode 2
Event: 0.407 Thread 0x0000020d156ce010 DEOPT PACKING pc=0x0000020d1d045d88 sp=0x000000ef718fbc60
Event: 0.407 Thread 0x0000020d156ce010 DEOPT UNPACKING pc=0x0000020d244e2b43 sp=0x000000ef718fb168 mode 0

Classes unloaded (0 events):
No events

Classes redefined (0 events):
No events

Internal exceptions (1 events):
Event: 0.104 Thread 0x0000020d156ce010 Exception <a 'java/lang/NoSuchMethodError'{0x00000000ffc19928}: 'int java.lang.invoke.DirectMethodHandle$Holder.invokeStaticInit(java.lang.Object, java.lang.Object)'> (0x00000000ffc19928) 
thrown [s\open\src\hotspot\share\interpreter\linkResolver.cpp, line 759]

VM Operations (4 events):
Event: 0.042 Executing VM operation: HandshakeAllThreads
Event: 0.042 Executing VM operation: HandshakeAllThreads done
Event: 0.287 Executing VM operation: G1CollectForAllocation
Event: 0.290 Executing VM operation: G1CollectForAllocation done

Events (20 events):
Event: 0.373 loading class sun/reflect/annotation/AnnotationInvocationHandler done
Event: 0.374 loading class java/lang/annotation/Target
Event: 0.374 loading class java/lang/annotation/Target done
Event: 0.378 loading class java/lang/reflect/InvocationTargetException
Event: 0.378 loading class java/lang/reflect/InvocationTargetException done
Event: 0.380 loading class java/util/concurrent/ConcurrentLinkedQueue
Event: 0.380 loading class java/util/AbstractQueue
Event: 0.380 loading class java/util/AbstractQueue done
Event: 0.380 loading class java/util/concurrent/ConcurrentLinkedQueue done
Event: 0.380 loading class java/util/concurrent/ConcurrentLinkedQueue$Node
Event: 0.380 loading class java/util/concurrent/ConcurrentLinkedQueue$Node done
Event: 0.381 loading class java/util/NoSuchElementException
Event: 0.381 loading class java/util/NoSuchElementException done
Event: 0.382 loading class java/lang/reflect/ParameterizedType
Event: 0.382 loading class java/lang/reflect/ParameterizedType done
Event: 0.408 Loaded shared library C:\Program Files\Java\jdk-17\bin\verify.dll
Event: 0.417 loading class java/io/InvalidObjectException
Event: 0.417 loading class java/io/ObjectStreamException
Event: 0.417 loading class java/io/ObjectStreamException done
Event: 0.417 loading class java/io/InvalidObjectException done


Dynamic libraries:
0x00007ff6ba0d0000 - 0x00007ff6ba0e0000 	C:\Program Files\Java\jdk-17\bin\java.exe
0x00007ffbe83d0000 - 0x00007ffbe85c5000 	C:\Windows\SYSTEM32\ntdll.dll
0x00007ffbe6410000 - 0x00007ffbe64ce000 	C:\Windows\System32\KERNEL32.DLL
0x00007ffbe5f10000 - 0x00007ffbe61d8000 	C:\Windows\System32\KERNELBASE.dll
0x00007ffbe5ae0000 - 0x00007ffbe5be0000 	C:\Windows\System32\ucrtbase.dll
0x00007ffbdc340000 - 0x00007ffbdc358000 	C:\Program Files\Java\jdk-17\bin\jli.dll
0x00007ffbd40e0000 - 0x00007ffbd40fb000 	C:\Program Files\Java\jdk-17\bin\VCRUNTIME140.dll
0x00007ffbe8130000 - 0x00007ffbe81dc000 	C:\Windows\System32\ADVAPI32.dll
0x00007ffbe7e20000 - 0x00007ffbe7ebe000 	C:\Windows\System32\msvcrt.dll
0x00007ffbe64d0000 - 0x00007ffbe656b000 	C:\Windows\System32\sechost.dll
0x00007ffbe7fa0000 - 0x00007ffbe80ca000 	C:\Windows\System32\RPCRT4.dll
0x00007ffbe77f0000 - 0x00007ffbe7991000 	C:\Windows\System32\USER32.dll
0x00007ffbe4ee0000 - 0x00007ffbe517a000 	C:\Windows\WinSxS\amd64_microsoft.windows.common-controls_6595b64144ccf1df_6.0.19041.1110_none_60b5254171f9507e\COMCTL32.dll
0x00007ffbe5d80000 - 0x00007ffbe5da2000 	C:\Windows\System32\win32u.dll
0x00007ffbe6600000 - 0x00007ffbe662b000 	C:\Windows\System32\GDI32.dll
0x00007ffbe6300000 - 0x00007ffbe640d000 	C:\Windows\System32\gdi32full.dll
0x00007ffbdee10000 - 0x00007ffbdee1a000 	C:\Windows\SYSTEM32\VERSION.dll
0x00007ffbe5be0000 - 0x00007ffbe5c7d000 	C:\Windows\System32\msvcp_win.dll
0x00007ffbe7ec0000 - 0x00007ffbe7ef0000 	C:\Windows\System32\IMM32.DLL
0x00007ffbdfbb0000 - 0x00007ffbdfbbc000 	C:\Program Files\Java\jdk-17\bin\vcruntime140_1.dll
0x00007ffbb79f0000 - 0x00007ffbb7a7e000 	C:\Program Files\Java\jdk-17\bin\msvcp140.dll
0x00007ffb6a870000 - 0x00007ffb6b447000 	C:\Program Files\Java\jdk-17\bin\server\jvm.dll
0x00007ffbe6be0000 - 0x00007ffbe6be8000 	C:\Windows\System32\PSAPI.DLL
0x00007ffbcb9d0000 - 0x00007ffbcb9d9000 	C:\Windows\SYSTEM32\WSOCK32.dll
0x00007ffbd6800000 - 0x00007ffbd6827000 	C:\Windows\SYSTEM32\WINMM.dll
0x00007ffbe7420000 - 0x00007ffbe748b000 	C:\Windows\System32\WS2_32.dll
0x00007ffbe3340000 - 0x00007ffbe3352000 	C:\Windows\SYSTEM32\kernel.appcore.dll
0x00007ffbdf930000 - 0x00007ffbdf93a000 	C:\Program Files\Java\jdk-17\bin\jimage.dll
0x00007ffbe5480000 - 0x00007ffbe5664000 	C:\Windows\SYSTEM32\DBGHELP.DLL
0x00007ffbe5450000 - 0x00007ffbe547c000 	C:\Windows\SYSTEM32\dbgcore.DLL
0x00007ffbe6270000 - 0x00007ffbe62f3000 	C:\Windows\System32\bcryptPrimitives.dll
0x00007ffbd3550000 - 0x00007ffbd3575000 	C:\Program Files\Java\jdk-17\bin\java.dll
0x00007ffba7540000 - 0x00007ffba7617000 	C:\Program Files\Java\jdk-17\bin\jsvml.dll
0x00007ffbe6bf0000 - 0x00007ffbe7334000 	C:\Windows\System32\SHELL32.dll
0x00007ffbe3540000 - 0x00007ffbe3cd4000 	C:\Windows\SYSTEM32\windows.storage.dll
0x00007ffbe7490000 - 0x00007ffbe77e5000 	C:\Windows\System32\combase.dll
0x00007ffbe4e20000 - 0x00007ffbe4e4e000 	C:\Windows\SYSTEM32\Wldp.dll
0x00007ffbe68a0000 - 0x00007ffbe694d000 	C:\Windows\System32\SHCORE.dll
0x00007ffbe80d0000 - 0x00007ffbe8125000 	C:\Windows\System32\shlwapi.dll
0x00007ffbe5a20000 - 0x00007ffbe5a3f000 	C:\Windows\SYSTEM32\profapi.dll
0x00007ffbd3810000 - 0x00007ffbd3829000 	C:\Program Files\Java\jdk-17\bin\net.dll
0x00007ffbd0d50000 - 0x00007ffbd0e5c000 	C:\Windows\SYSTEM32\WINHTTP.dll
0x00007ffbe4c70000 - 0x00007ffbe4cda000 	C:\Windows\system32\mswsock.dll
0x00007ffbd36d0000 - 0x00007ffbd36e6000 	C:\Program Files\Java\jdk-17\bin\nio.dll
0x00007ffbd1510000 - 0x00007ffbd1528000 	C:\Program Files\Java\jdk-17\bin\zip.dll
0x00007ffbdf6b0000 - 0x00007ffbdf6c0000 	C:\Program Files\Java\jdk-17\bin\verify.dll

dbghelp: loaded successfully - version: 4.0.5 - missing functions: none
symbol engine: initialized successfully - sym options: 0x614 - pdb path: .;C:\Program Files\Java\jdk-17\bin;C:\Windows\SYSTEM32;C:\Windows\WinSxS\amd64_microsoft.windows.common-controls_6595b64144ccf1df_6.0.19041.1110_none_60b5254171f9507e;C:\Program Files\Java\jdk-17\bin\server

VM Arguments:
jvm_args: -Xmx64m -Xms64m -Dorg.gradle.appname=gradlew 
java_command: org.gradle.wrapper.GradleWrapperMain --stop
java_class_path (initial): D:\LabMobil\RandomFacts\\gradle\wrapper\gradle-wrapper.jar
Launcher Type: SUN_STANDARD

[Global flags]
     intx CICompilerCount                          = 4                                         {product} {ergonomic}
     uint ConcGCThreads                            = 3                                         {product} {ergonomic}
     uint G1ConcRefinementThreads                  = 10                                        {product} {ergonomic}
   size_t G1HeapRegionSize                         = 1048576                                   {product} {ergonomic}
    uintx GCDrainStackTargetSize                   = 64                                        {product} {ergonomic}
   size_t InitialHeapSize                          = 67108864                                  {product} {command line}
   size_t MarkStackSize                            = 4194304                                   {product} {ergonomic}
   size_t MaxHeapSize                              = 67108864                                  {product} {command line}
   size_t MaxNewSize                               = 39845888                                  {product} {ergonomic}
   size_t MinHeapDeltaBytes                        = 1048576                                   {product} {ergonomic}
   size_t MinHeapSize                              = 67108864                                  {product} {command line}
    uintx NonNMethodCodeHeapSize                   = 5839372                                {pd product} {ergonomic}
    uintx NonProfiledCodeHeapSize                  = 122909434                              {pd product} {ergonomic}
    uintx ProfiledCodeHeapSize                     = 122909434                              {pd product} {ergonomic}
    uintx ReservedCodeCacheSize                    = 251658240                              {pd product} {ergonomic}
     bool SegmentedCodeCache                       = true                                      {product} {ergonomic}
   size_t SoftMaxHeapSize                          = 67108864                               {manageable} {ergonomic}
     bool UseCompressedClassPointers               = true                           {product lp64_product} {ergonomic}
     bool UseCompressedOops                        = true                           {product lp64_product} {ergonomic}
     bool UseG1GC                                  = true                                      {product} {ergonomic}
     bool UseLargePagesIndividualAllocation        = false                                  {pd product} {ergonomic}

Logging:
Log output configuration:
 #0: stdout all=warning uptime,level,tags
 #1: stderr all=off uptime,level,tags

Environment Variables:
JAVA_HOME=C:\Program Files\Java\jdk-17
CLASSPATH=D:\LabMobil\RandomFacts\\gradle\wrapper\gradle-wrapper.jar
PATH=C:\Program Files\Microsoft\jdk-11.0.16.101-hotspot\bin;C:\Program Files\Common Files\Oracle\Java\javapath;C:\Program Files (x86)\Common Files\Oracle\Java\javapath;C:\Windows\system32;C:\Windows;C:\Windows\System32\Wbem;C:\Windows\System32\WindowsPowerShell\v1.0\;C:\Windows\System32\OpenSSH\;C:\Program Files\Microsoft SQL Server\150\Tools\Binn\;C:\Program Files (x86)\Microsoft SQL Server\160\DTS\Binn\;C:\Program Files\Azure Data Studio\bin;C:\Program Files (x86)\Microsoft SQL Server\160\Tools\Binn\;C:\Program Files\Microsoft SQL Server\160\Tools\Binn\;C:\Program Files\Microsoft SQL Server\Client SDK\ODBC\170\Tools\Binn\;C:\Program Files\Microsoft SQL Server\160\DTS\Binn\;C:\ProgramData\chocolatey\bin;C:\Program Files\nodejs\;C:\Program Files\MongoDB\mongosh-2.0.2-win32-x64\bin;C:\Program Files\NVIDIA Corporation\NVIDIA NvDLISR;C:\Program Files (x86)\NVIDIA Corporation\PhysX\Common;C:\Program Files\dotnet\;C:\Program Files (x86)\Windows Kits\10\Windows Performance Toolkit\;C:\Program Files\Java\jdk-17\bin;C:\Program Files\Azure Data Studio\bin;C:\Users\User\AppData\Roaming\npm;C:\Users\User\.dotnet\tools;D:\НУ ОП\4 курс 126\Дипломна робота\SQLite;C:\Users\User\AppData\Local\Android\Sdk\platform-tools;
USERNAME=User
OS=Windows_NT
PROCESSOR_IDENTIFIER=AMD64 Family 23 Model 96 Stepping 1, AuthenticAMD



---------------  S Y S T E M  ---------------

OS:
 Windows 10 , 64 bit Build 19041 (10.0.19041.1348)
OS uptime: 8 days 21:01 hours
Hyper-V role detected

CPU: total 12 (initial active 12) (12 cores per cpu, 2 threads per core) family 23 model 96 stepping 1 microcode 0x0, cx8, cmov, fxsr, ht, mmx, 3dnowpref, sse, sse2, sse3, ssse3, sse4a, sse4.1, sse4.2, popcnt, lzcnt, tsc, tscinvbit, avx, avx2, aes, clmul, bmi1, bmi2, adx, sha, fma, vzeroupper, clflush, clflushopt, hv

Memory: 4k page, system-wide physical 16253M (2462M free)
TotalPageFile size 20235M (AvailPageFile size 7M)
current process WorkingSet (physical memory assigned to process): 88M, peak: 91M
current process commit charge ("private bytes"): 175M, peak: 179M

vm_info: Java HotSpot(TM) 64-Bit Server VM (17.0.6+9-LTS-190) for windows-amd64 JRE (17.0.6+9-LTS-190), built on Dec  6 2022 15:53:54 by "mach5one" with MS VC++ 17.1 (VS2022)

END.
