#
# There is insufficient memory for the Java Runtime Environment to continue.
# Native memory allocation (mmap) failed to map 65536 bytes for Failed to commit metaspace.
# Possible reasons:
#   The system is out of physical RAM or swap space
#   The process is running with CompressedOops enabled, and the Java Heap may be blocking the growth of the native heap
# Possible solutions:
#   Reduce memory load on the system
#   Increase physical memory or swap space
#   Check if swap backing store is full
#   Decrease Java heap size (-Xmx/-Xms)
#   Decrease number of Java threads
#   Decrease Java thread stack sizes (-Xss)
#   Set larger code cache with -XX:ReservedCodeCacheSize=
#   JVM is running with Unscaled Compressed Oops mode in which the Java heap is
#     placed in the first 4GB address space. The Java Heap base address is the
#     maximum limit for the native heap growth. Please use -XX:HeapBaseMinAddress
#     to set the Java Heap base and to place the Java Heap above 4GB virtual address.
# This output file may be truncated or incomplete.
#
#  Out of Memory Error (virtualSpaceNode.cpp:110), pid=16496, tid=1308
#
# JRE version: Java(TM) SE Runtime Environment (17.0.6+9) (build 17.0.6+9-LTS-190)
# Java VM: Java HotSpot(TM) 64-Bit Server VM (17.0.6+9-LTS-190, mixed mode, sharing, tiered, compressed oops, compressed class ptrs, g1 gc, windows-amd64)
# No core dump will be written. Minidumps are not enabled by default on client versions of Windows
#

---------------  S U M M A R Y ------------

Command Line: -Xmx64m -Xms64m -Dorg.gradle.appname=gradlew org.gradle.wrapper.GradleWrapperMain clean build --refresh-dependencies

Host: AMD Ryzen 5 4600H with Radeon Graphics         , 12 cores, 15G,  Windows 10 , 64 bit Build 19041 (10.0.19041.1348)
Time: Thu Apr 24 23:25:45 2025  Windows 10 , 64 bit Build 19041 (10.0.19041.1348) elapsed time: 0.085996 seconds (0d 0h 0m 0s)

---------------  T H R E A D  ---------------

Current thread (0x00000266ae86e360):  JavaThread "main" [_thread_in_vm, id=1308, stack(0x000000b268400000,0x000000b268500000)]

Stack: [0x000000b268400000,0x000000b268500000]
Native frames: (J=compiled Java code, j=interpreted, Vv=VM code, C=native code)
V  [jvm.dll+0x6734ea]
V  [jvm.dll+0x7d18f4]
V  [jvm.dll+0x7d309e]
V  [jvm.dll+0x7d3703]
V  [jvm.dll+0x2433c5]
V  [jvm.dll+0x7cd9fb]
V  [jvm.dll+0x619546]
V  [jvm.dll+0x6195aa]
V  [jvm.dll+0x61bdcd]
V  [jvm.dll+0x619f06]
V  [jvm.dll+0x238f21]
V  [jvm.dll+0x1e8437]
V  [jvm.dll+0x1de0d1]
V  [jvm.dll+0x5399dc]
V  [jvm.dll+0x1ee9ea]
V  [jvm.dll+0x74ba4d]
V  [jvm.dll+0x74ce33]
V  [jvm.dll+0x74d168]
V  [jvm.dll+0x23b88b]
V  [jvm.dll+0x37a0ae]
C  0x00000266bd64b7f7

Java frames: (J=compiled Java code, j=interpreted, Vv=VM code)
j  java.math.BigInteger.smallToString(ILjava/lang/StringBuilder;I)V+76 java.base@17.0.6
j  java.math.BigInteger.toString(Ljava/math/BigInteger;Ljava/lang/StringBuilder;II)V+35 java.base@17.0.6
j  java.math.BigInteger.toString(I)Ljava/lang/String;+99 java.base@17.0.6
j  org.gradle.wrapper.PathAssembler.getHash(Ljava/lang/String;)Ljava/lang/String;+30
j  org.gradle.wrapper.PathAssembler.rootDirName(Ljava/lang/String;Lorg/gradle/wrapper/WrapperConfiguration;)Ljava/lang/String;+11
j  org.gradle.wrapper.PathAssembler.getDistribution(Lorg/gradle/wrapper/WrapperConfiguration;)Lorg/gradle/wrapper/PathAssembler$LocalDistribution;+18
j  org.gradle.wrapper.Install.createDist(Lorg/gradle/wrapper/WrapperConfiguration;)Ljava/io/File;+15
j  org.gradle.wrapper.WrapperExecutor.execute([Ljava/lang/String;Lorg/gradle/wrapper/Install;Lorg/gradle/wrapper/BootstrapMainStarter;)V+5
j  org.gradle.wrapper.GradleWrapperMain.main([Ljava/lang/String;)V+187
v  ~StubRoutines::call_stub

---------------  P R O C E S S  ---------------

Threads class SMR info:
_java_thread_list=0x00000266c903fd40, length=12, elements={
0x00000266ae86e360, 0x00000266ae948010, 0x00000266ae948e80, 0x00000266c843b080,
0x00000266c843db40, 0x00000266c843e4f0, 0x00000266c843eea0, 0x00000266c8441fa0,
0x00000266c844dea0, 0x00000266c84508a0, 0x00000266c906e030, 0x00000266c90706c0
}

Java Threads: ( => current thread )
=>0x00000266ae86e360 JavaThread "main" [_thread_in_vm, id=1308, stack(0x000000b268400000,0x000000b268500000)]
  0x00000266ae948010 JavaThread "Reference Handler" daemon [_thread_blocked, id=6036, stack(0x000000b268b00000,0x000000b268c00000)]
  0x00000266ae948e80 JavaThread "Finalizer" daemon [_thread_blocked, id=17484, stack(0x000000b268c00000,0x000000b268d00000)]
  0x00000266c843b080 JavaThread "Signal Dispatcher" daemon [_thread_blocked, id=20368, stack(0x000000b268d00000,0x000000b268e00000)]
  0x00000266c843db40 JavaThread "Attach Listener" daemon [_thread_blocked, id=2580, stack(0x000000b268e00000,0x000000b268f00000)]
  0x00000266c843e4f0 JavaThread "Service Thread" daemon [_thread_blocked, id=3384, stack(0x000000b268f00000,0x000000b269000000)]
  0x00000266c843eea0 JavaThread "Monitor Deflation Thread" daemon [_thread_blocked, id=23228, stack(0x000000b269000000,0x000000b269100000)]
  0x00000266c8441fa0 JavaThread "C2 CompilerThread0" daemon [_thread_blocked, id=14960, stack(0x000000b269100000,0x000000b269200000)]
  0x00000266c844dea0 JavaThread "C1 CompilerThread0" daemon [_thread_blocked, id=7280, stack(0x000000b269200000,0x000000b269300000)]
  0x00000266c84508a0 JavaThread "Sweeper thread" daemon [_thread_blocked, id=16164, stack(0x000000b269300000,0x000000b269400000)]
  0x00000266c906e030 JavaThread "Notification Thread" daemon [_thread_blocked, id=21684, stack(0x000000b269400000,0x000000b269500000)]
  0x00000266c90706c0 JavaThread "Common-Cleaner" daemon [_thread_blocked, id=10644, stack(0x000000b269600000,0x000000b269700000)]

Other Threads:
  0x00000266ae941400 VMThread "VM Thread" [stack: 0x000000b268a00000,0x000000b268b00000] [id=19500]
  0x00000266ae899f00 WatcherThread [stack: 0x000000b269500000,0x000000b269600000] [id=19780]
  0x00000266ae8915b0 GCTaskThread "GC Thread#0" [stack: 0x000000b268500000,0x000000b268600000] [id=23408]
  0x00000266ae892cf0 ConcurrentGCThread "G1 Main Marker" [stack: 0x000000b268600000,0x000000b268700000] [id=7924]
  0x00000266ae893710 ConcurrentGCThread "G1 Conc#0" [stack: 0x000000b268700000,0x000000b268800000] [id=11408]
  0x00000266ae920d10 ConcurrentGCThread "G1 Refine#0" [stack: 0x000000b268800000,0x000000b268900000] [id=22548]
  0x00000266ae921730 ConcurrentGCThread "G1 Service" [stack: 0x000000b268900000,0x000000b268a00000] [id=17676]

Threads with active compile tasks:

VM state: not at safepoint (normal execution)

VM Mutex/Monitor currently owned by a thread:  ([mutex/lock_event])
[0x00000266ae86a9b0] Metaspace_lock - owner thread: 0x00000266ae86e360

Heap address: 0x00000000fc000000, size: 64 MB, Compressed Oops mode: 32-bit

CDS archive(s) mapped at: [0x0000000800000000-0x0000000800bd0000-0x0000000800bd0000), size 12386304, SharedBaseAddress: 0x0000000800000000, ArchiveRelocationMode: 0.
Compressed class space mapped at: 0x0000000800c00000-0x0000000840c00000, reserved size: 1073741824
Narrow klass base: 0x0000000800000000, Narrow klass shift: 0, Narrow klass range: 0x100000000

GC Precious Log:
 CPUs: 12 total, 12 available
 Memory: 16253M
 Large Page Support: Disabled
 NUMA Support: Disabled
 Compressed Oops: Enabled (32-bit)
 Heap Region Size: 1M
 Heap Min Capacity: 64M
 Heap Initial Capacity: 64M
 Heap Max Capacity: 64M
 Pre-touch: Disabled
 Parallel Workers: 10
 Concurrent Workers: 3
 Concurrent Refinement Workers: 10
 Periodic GC: Disabled

Heap:
 garbage-first heap   total 65536K, used 2048K [0x00000000fc000000, 0x0000000100000000)
  region size 1024K, 3 young (3072K), 0 survivors (0K)
 Metaspace       used 980K, committed 1088K, reserved 1056768K
  class space    used 98K, committed 192K, reserved 1048576K

Heap Regions: E=young(eden), S=young(survivor), O=old, HS=humongous(starts), HC=humongous(continues), CS=collection set, F=free, OA=open archive, CA=closed archive, TAMS=top-at-mark-start (previous, next)
|   0|0x00000000fc000000, 0x00000000fc000000, 0x00000000fc100000|  0%| F|  |TAMS 0x00000000fc000000, 0x00000000fc000000| Untracked 
|   1|0x00000000fc100000, 0x00000000fc100000, 0x00000000fc200000|  0%| F|  |TAMS 0x00000000fc100000, 0x00000000fc100000| Untracked 
|   2|0x00000000fc200000, 0x00000000fc200000, 0x00000000fc300000|  0%| F|  |TAMS 0x00000000fc200000, 0x00000000fc200000| Untracked 
|   3|0x00000000fc300000, 0x00000000fc300000, 0x00000000fc400000|  0%| F|  |TAMS 0x00000000fc300000, 0x00000000fc300000| Untracked 
|   4|0x00000000fc400000, 0x00000000fc400000, 0x00000000fc500000|  0%| F|  |TAMS 0x00000000fc400000, 0x00000000fc400000| Untracked 
|   5|0x00000000fc500000, 0x00000000fc500000, 0x00000000fc600000|  0%| F|  |TAMS 0x00000000fc500000, 0x00000000fc500000| Untracked 
|   6|0x00000000fc600000, 0x00000000fc600000, 0x00000000fc700000|  0%| F|  |TAMS 0x00000000fc600000, 0x00000000fc600000| Untracked 
|   7|0x00000000fc700000, 0x00000000fc700000, 0x00000000fc800000|  0%| F|  |TAMS 0x00000000fc700000, 0x00000000fc700000| Untracked 
|   8|0x00000000fc800000, 0x00000000fc800000, 0x00000000fc900000|  0%| F|  |TAMS 0x00000000fc800000, 0x00000000fc800000| Untracked 
|   9|0x00000000fc900000, 0x00000000fc900000, 0x00000000fca00000|  0%| F|  |TAMS 0x00000000fc900000, 0x00000000fc900000| Untracked 
|  10|0x00000000fca00000, 0x00000000fca00000, 0x00000000fcb00000|  0%| F|  |TAMS 0x00000000fca00000, 0x00000000fca00000| Untracked 
|  11|0x00000000fcb00000, 0x00000000fcb00000, 0x00000000fcc00000|  0%| F|  |TAMS 0x00000000fcb00000, 0x00000000fcb00000| Untracked 
|  12|0x00000000fcc00000, 0x00000000fcc00000, 0x00000000fcd00000|  0%| F|  |TAMS 0x00000000fcc00000, 0x00000000fcc00000| Untracked 
|  13|0x00000000fcd00000, 0x00000000fcd00000, 0x00000000fce00000|  0%| F|  |TAMS 0x00000000fcd00000, 0x00000000fcd00000| Untracked 
|  14|0x00000000fce00000, 0x00000000fce00000, 0x00000000fcf00000|  0%| F|  |TAMS 0x00000000fce00000, 0x00000000fce00000| Untracked 
|  15|0x00000000fcf00000, 0x00000000fcf00000, 0x00000000fd000000|  0%| F|  |TAMS 0x00000000fcf00000, 0x00000000fcf00000| Untracked 
|  16|0x00000000fd000000, 0x00000000fd000000, 0x00000000fd100000|  0%| F|  |TAMS 0x00000000fd000000, 0x00000000fd000000| Untracked 
|  17|0x00000000fd100000, 0x00000000fd100000, 0x00000000fd200000|  0%| F|  |TAMS 0x00000000fd100000, 0x00000000fd100000| Untracked 
|  18|0x00000000fd200000, 0x00000000fd200000, 0x00000000fd300000|  0%| F|  |TAMS 0x00000000fd200000, 0x00000000fd200000| Untracked 
|  19|0x00000000fd300000, 0x00000000fd300000, 0x00000000fd400000|  0%| F|  |TAMS 0x00000000fd300000, 0x00000000fd300000| Untracked 
|  20|0x00000000fd400000, 0x00000000fd400000, 0x00000000fd500000|  0%| F|  |TAMS 0x00000000fd400000, 0x00000000fd400000| Untracked 
|  21|0x00000000fd500000, 0x00000000fd500000, 0x00000000fd600000|  0%| F|  |TAMS 0x00000000fd500000, 0x00000000fd500000| Untracked 
|  22|0x00000000fd600000, 0x00000000fd600000, 0x00000000fd700000|  0%| F|  |TAMS 0x00000000fd600000, 0x00000000fd600000| Untracked 
|  23|0x00000000fd700000, 0x00000000fd700000, 0x00000000fd800000|  0%| F|  |TAMS 0x00000000fd700000, 0x00000000fd700000| Untracked 
|  24|0x00000000fd800000, 0x00000000fd800000, 0x00000000fd900000|  0%| F|  |TAMS 0x00000000fd800000, 0x00000000fd800000| Untracked 
|  25|0x00000000fd900000, 0x00000000fd900000, 0x00000000fda00000|  0%| F|  |TAMS 0x00000000fd900000, 0x00000000fd900000| Untracked 
|  26|0x00000000fda00000, 0x00000000fda00000, 0x00000000fdb00000|  0%| F|  |TAMS 0x00000000fda00000, 0x00000000fda00000| Untracked 
|  27|0x00000000fdb00000, 0x00000000fdb00000, 0x00000000fdc00000|  0%| F|  |TAMS 0x00000000fdb00000, 0x00000000fdb00000| Untracked 
|  28|0x00000000fdc00000, 0x00000000fdc00000, 0x00000000fdd00000|  0%| F|  |TAMS 0x00000000fdc00000, 0x00000000fdc00000| Untracked 
|  29|0x00000000fdd00000, 0x00000000fdd00000, 0x00000000fde00000|  0%| F|  |TAMS 0x00000000fdd00000, 0x00000000fdd00000| Untracked 
|  30|0x00000000fde00000, 0x00000000fde00000, 0x00000000fdf00000|  0%| F|  |TAMS 0x00000000fde00000, 0x00000000fde00000| Untracked 
|  31|0x00000000fdf00000, 0x00000000fdf00000, 0x00000000fe000000|  0%| F|  |TAMS 0x00000000fdf00000, 0x00000000fdf00000| Untracked 
|  32|0x00000000fe000000, 0x00000000fe000000, 0x00000000fe100000|  0%| F|  |TAMS 0x00000000fe000000, 0x00000000fe000000| Untracked 
|  33|0x00000000fe100000, 0x00000000fe100000, 0x00000000fe200000|  0%| F|  |TAMS 0x00000000fe100000, 0x00000000fe100000| Untracked 
|  34|0x00000000fe200000, 0x00000000fe200000, 0x00000000fe300000|  0%| F|  |TAMS 0x00000000fe200000, 0x00000000fe200000| Untracked 
|  35|0x00000000fe300000, 0x00000000fe300000, 0x00000000fe400000|  0%| F|  |TAMS 0x00000000fe300000, 0x00000000fe300000| Untracked 
|  36|0x00000000fe400000, 0x00000000fe400000, 0x00000000fe500000|  0%| F|  |TAMS 0x00000000fe400000, 0x00000000fe400000| Untracked 
|  37|0x00000000fe500000, 0x00000000fe500000, 0x00000000fe600000|  0%| F|  |TAMS 0x00000000fe500000, 0x00000000fe500000| Untracked 
|  38|0x00000000fe600000, 0x00000000fe600000, 0x00000000fe700000|  0%| F|  |TAMS 0x00000000fe600000, 0x00000000fe600000| Untracked 
|  39|0x00000000fe700000, 0x00000000fe700000, 0x00000000fe800000|  0%| F|  |TAMS 0x00000000fe700000, 0x00000000fe700000| Untracked 
|  40|0x00000000fe800000, 0x00000000fe800000, 0x00000000fe900000|  0%| F|  |TAMS 0x00000000fe800000, 0x00000000fe800000| Untracked 
|  41|0x00000000fe900000, 0x00000000fe900000, 0x00000000fea00000|  0%| F|  |TAMS 0x00000000fe900000, 0x00000000fe900000| Untracked 
|  42|0x00000000fea00000, 0x00000000fea00000, 0x00000000feb00000|  0%| F|  |TAMS 0x00000000fea00000, 0x00000000fea00000| Untracked 
|  43|0x00000000feb00000, 0x00000000feb00000, 0x00000000fec00000|  0%| F|  |TAMS 0x00000000feb00000, 0x00000000feb00000| Untracked 
|  44|0x00000000fec00000, 0x00000000fec00000, 0x00000000fed00000|  0%| F|  |TAMS 0x00000000fec00000, 0x00000000fec00000| Untracked 
|  45|0x00000000fed00000, 0x00000000fed00000, 0x00000000fee00000|  0%| F|  |TAMS 0x00000000fed00000, 0x00000000fed00000| Untracked 
|  46|0x00000000fee00000, 0x00000000fee00000, 0x00000000fef00000|  0%| F|  |TAMS 0x00000000fee00000, 0x00000000fee00000| Untracked 
|  47|0x00000000fef00000, 0x00000000fef00000, 0x00000000ff000000|  0%| F|  |TAMS 0x00000000fef00000, 0x00000000fef00000| Untracked 
|  48|0x00000000ff000000, 0x00000000ff000000, 0x00000000ff100000|  0%| F|  |TAMS 0x00000000ff000000, 0x00000000ff000000| Untracked 
|  49|0x00000000ff100000, 0x00000000ff100000, 0x00000000ff200000|  0%| F|  |TAMS 0x00000000ff100000, 0x00000000ff100000| Untracked 
|  50|0x00000000ff200000, 0x00000000ff200000, 0x00000000ff300000|  0%| F|  |TAMS 0x00000000ff200000, 0x00000000ff200000| Untracked 
|  51|0x00000000ff300000, 0x00000000ff300000, 0x00000000ff400000|  0%| F|  |TAMS 0x00000000ff300000, 0x00000000ff300000| Untracked 
|  52|0x00000000ff400000, 0x00000000ff400000, 0x00000000ff500000|  0%| F|  |TAMS 0x00000000ff400000, 0x00000000ff400000| Untracked 
|  53|0x00000000ff500000, 0x00000000ff500000, 0x00000000ff600000|  0%| F|  |TAMS 0x00000000ff500000, 0x00000000ff500000| Untracked 
|  54|0x00000000ff600000, 0x00000000ff600000, 0x00000000ff700000|  0%| F|  |TAMS 0x00000000ff600000, 0x00000000ff600000| Untracked 
|  55|0x00000000ff700000, 0x00000000ff700000, 0x00000000ff800000|  0%| F|  |TAMS 0x00000000ff700000, 0x00000000ff700000| Untracked 
|  56|0x00000000ff800000, 0x00000000ff800000, 0x00000000ff900000|  0%| F|  |TAMS 0x00000000ff800000, 0x00000000ff800000| Untracked 
|  57|0x00000000ff900000, 0x00000000ff900000, 0x00000000ffa00000|  0%| F|  |TAMS 0x00000000ff900000, 0x00000000ff900000| Untracked 
|  58|0x00000000ffa00000, 0x00000000ffa00000, 0x00000000ffb00000|  0%| F|  |TAMS 0x00000000ffa00000, 0x00000000ffa00000| Untracked 
|  59|0x00000000ffb00000, 0x00000000ffb00000, 0x00000000ffc00000|  0%| F|  |TAMS 0x00000000ffb00000, 0x00000000ffb00000| Untracked 
|  60|0x00000000ffc00000, 0x00000000ffc00000, 0x00000000ffd00000|  0%| F|  |TAMS 0x00000000ffc00000, 0x00000000ffc00000| Untracked 
|  61|0x00000000ffd00000, 0x00000000ffd76448, 0x00000000ffe00000| 46%| E|  |TAMS 0x00000000ffd00000, 0x00000000ffd00000| Complete 
|  62|0x00000000ffe00000, 0x00000000fff00000, 0x00000000fff00000|100%| E|CS|TAMS 0x00000000ffe00000, 0x00000000ffe00000| Complete 
|  63|0x00000000fff00000, 0x0000000100000000, 0x0000000100000000|100%| E|CS|TAMS 0x00000000fff00000, 0x00000000fff00000| Complete 

Card table byte_map: [0x00000266ac880000,0x00000266ac8a0000] _byte_map_base: 0x00000266ac0a0000

Marking Bits (Prev, Next): (CMBitMap*) 0x00000266ae891bc0, (CMBitMap*) 0x00000266ae891c00
 Prev Bits: [0x00000266c5660000, 0x00000266c5760000)
 Next Bits: [0x00000266c5760000, 0x00000266c5860000)

Polling page: 0x00000266ac830000

Metaspace:

Usage:
  Non-class:    881.88 KB used.
      Class:     98.68 KB used.
       Both:    980.55 KB used.

Virtual space:
  Non-class space:        8.00 MB reserved,     896.00 KB ( 11%) committed,  1 nodes.
      Class space:        1.00 GB reserved,     192.00 KB ( <1%) committed,  1 nodes.
             Both:        1.01 GB reserved,       1.06 MB ( <1%) committed. 

Chunk freelists:
   Non-Class:  3.88 MB
       Class:  3.73 MB
        Both:  7.60 MB

MaxMetaspaceSize: unlimited
CompressedClassSpaceSize: 1.00 GB
Initial GC threshold: 21.00 MB
Current GC threshold: 21.00 MB
CDS: on
MetaspaceReclaimPolicy: balanced
 - commit_granule_bytes: 65536.
 - commit_granule_words: 8192.
 - virtual_space_node_default_size: 1048576.
 - enlarge_chunks_in_place: 1.
 - new_chunks_are_fully_committed: 0.
 - uncommit_free_chunks: 1.
 - use_allocation_guard: 0.
 - handle_deallocations: 1.


Internal statistics:

num_allocs_failed_limit: 0.
num_arena_births: 6.
num_arena_deaths: 0.
num_vsnodes_births: 2.
num_vsnodes_deaths: 0.
num_space_committed: 17.
num_space_uncommitted: 0.
num_chunks_returned_to_freelist: 0.
num_chunks_taken_from_freelist: 19.
num_chunk_merges: 0.
num_chunk_splits: 8.
num_chunks_enlarged: 8.
num_purges: 0.
num_inconsistent_stats: 0.

CodeHeap 'non-profiled nmethods': size=120000Kb used=47Kb max_used=47Kb free=119952Kb
 bounds [0x00000266bdbd0000, 0x00000266bde40000, 0x00000266c5100000]
CodeHeap 'profiled nmethods': size=120000Kb used=228Kb max_used=228Kb free=119771Kb
 bounds [0x00000266b6100000, 0x00000266b6370000, 0x00000266bd630000]
CodeHeap 'non-nmethods': size=5760Kb used=1114Kb max_used=1127Kb free=4645Kb
 bounds [0x00000266bd630000, 0x00000266bd8a0000, 0x00000266bdbd0000]
 total_blobs=580 nmethods=187 adapters=306
 compilation: enabled
              stopped_count=0, restarted_count=0
 full_count=0

Compilation events (20 events):
Event: 0.076 Thread 0x00000266c844dea0 nmethod 174 0x00000266b6135a90 code [0x00000266b6135c60, 0x00000266b6136058]
Event: 0.076 Thread 0x00000266c844dea0  176       3       java.lang.StringBuilder::<init> (7 bytes)
Event: 0.076 Thread 0x00000266c844dea0 nmethod 176 0x00000266b6136210 code [0x00000266b61363a0, 0x00000266b61364e8]
Event: 0.076 Thread 0x00000266c8441fa0 nmethod 172 0x00000266bdbda590 code [0x00000266bdbda700, 0x00000266bdbda758]
Event: 0.076 Thread 0x00000266c844dea0  173       3       java.lang.AbstractStringBuilder::<init> (39 bytes)
Event: 0.076 Thread 0x00000266c844dea0 nmethod 173 0x00000266b6136590 code [0x00000266b6136740, 0x00000266b61369d8]
Event: 0.077 Thread 0x00000266c844dea0  179       1       java.lang.module.ModuleDescriptor::isOpen (5 bytes)
Event: 0.077 Thread 0x00000266c844dea0 nmethod 179 0x00000266bdbdaf90 code [0x00000266bdbdb120, 0x00000266bdbdb1f8]
Event: 0.078 Thread 0x00000266c844dea0  180       3       java.lang.Class::getName (18 bytes)
Event: 0.078 Thread 0x00000266c844dea0 nmethod 180 0x00000266b6136a90 code [0x00000266b6136c40, 0x00000266b6136dc8]
Event: 0.079 Thread 0x00000266c8441fa0  181       4       java.lang.String::length (11 bytes)
Event: 0.079 Thread 0x00000266c844dea0  182       3       java.lang.StringConcatHelper::newArray (26 bytes)
Event: 0.079 Thread 0x00000266c844dea0 nmethod 182 0x00000266b6136e90 code [0x00000266b6137040, 0x00000266b6137288]
Event: 0.079 Thread 0x00000266c844dea0  184       3       java.lang.StringLatin1::replace (198 bytes)
Event: 0.079 Thread 0x00000266c8441fa0 nmethod 181 0x00000266bdbdb290 code [0x00000266bdbdb400, 0x00000266bdbdb498]
Event: 0.079 Thread 0x00000266c844dea0 nmethod 184 0x00000266b6137390 code [0x00000266b6137620, 0x00000266b61383a8]
Event: 0.079 Thread 0x00000266c844dea0  183       3       jdk.internal.misc.Unsafe::allocateUninitializedArray (55 bytes)
Event: 0.079 Thread 0x00000266c844dea0 nmethod 183 0x00000266b6138890 code [0x00000266b6138a80, 0x00000266b6138ef8]
Event: 0.083 Thread 0x00000266c844dea0  186       1       java.lang.invoke.MethodType::form (5 bytes)
Event: 0.083 Thread 0x00000266c844dea0 nmethod 186 0x00000266bdbdb890 code [0x00000266bdbdba20, 0x00000266bdbdbaf8]

GC Heap History (0 events):
No events

Deoptimization events (0 events):
No events

Classes unloaded (0 events):
No events

Classes redefined (0 events):
No events

Internal exceptions (0 events):
No events

VM Operations (2 events):
Event: 0.043 Executing VM operation: HandshakeAllThreads
Event: 0.043 Executing VM operation: HandshakeAllThreads done

Events (20 events):
Event: 0.079 loading class java/lang/constant/MethodHandleDesc$1 done
Event: 0.079 loading class java/lang/constant/DirectMethodHandleDescImpl
Event: 0.079 loading class java/lang/constant/DirectMethodHandleDesc
Event: 0.079 loading class java/lang/constant/DirectMethodHandleDesc done
Event: 0.079 loading class java/lang/constant/DirectMethodHandleDescImpl done
Event: 0.079 loading class java/lang/constant/DirectMethodHandleDescImpl$1
Event: 0.079 loading class java/lang/constant/DirectMethodHandleDescImpl$1 done
Event: 0.079 loading class java/lang/constant/DirectMethodHandleDesc$1
Event: 0.079 loading class java/lang/constant/DirectMethodHandleDesc$1 done
Event: 0.079 loading class java/lang/constant/PrimitiveClassDescImpl
Event: 0.080 loading class java/lang/constant/DynamicConstantDesc
Event: 0.082 loading class java/lang/constant/DynamicConstantDesc done
Event: 0.082 loading class java/lang/constant/PrimitiveClassDescImpl done
Event: 0.082 loading class java/lang/constant/DynamicConstantDesc$AnonymousDynamicConstantDesc
Event: 0.082 loading class java/lang/constant/DynamicConstantDesc$AnonymousDynamicConstantDesc done
Event: 0.082 loading class sun/security/provider/ByteArrayAccess
Event: 0.083 loading class sun/security/provider/ByteArrayAccess done
Event: 0.083 loading class java/lang/StrictMath
Event: 0.084 loading class java/lang/StrictMath done
Event: 0.084 loading class java/math/MutableBigInteger


Dynamic libraries:
0x00007ff6ba0d0000 - 0x00007ff6ba0e0000 	C:\Program Files\Java\jdk-17\bin\java.exe
0x00007ffbe83d0000 - 0x00007ffbe85c5000 	C:\Windows\SYSTEM32\ntdll.dll
0x00007ffbe6410000 - 0x00007ffbe64ce000 	C:\Windows\System32\KERNEL32.DLL
0x00007ffbe5f10000 - 0x00007ffbe61d8000 	C:\Windows\System32\KERNELBASE.dll
0x00007ffbe5ae0000 - 0x00007ffbe5be0000 	C:\Windows\System32\ucrtbase.dll
0x00007ffbdc340000 - 0x00007ffbdc358000 	C:\Program Files\Java\jdk-17\bin\jli.dll
0x00007ffbd40e0000 - 0x00007ffbd40fb000 	C:\Program Files\Java\jdk-17\bin\VCRUNTIME140.dll
0x00007ffbe8130000 - 0x00007ffbe81dc000 	C:\Windows\System32\ADVAPI32.dll
0x00007ffbe7e20000 - 0x00007ffbe7ebe000 	C:\Windows\System32\msvcrt.dll
0x00007ffbe64d0000 - 0x00007ffbe656b000 	C:\Windows\System32\sechost.dll
0x00007ffbe7fa0000 - 0x00007ffbe80ca000 	C:\Windows\System32\RPCRT4.dll
0x00007ffbe77f0000 - 0x00007ffbe7991000 	C:\Windows\System32\USER32.dll
0x00007ffbe4ee0000 - 0x00007ffbe517a000 	C:\Windows\WinSxS\amd64_microsoft.windows.common-controls_6595b64144ccf1df_6.0.19041.1110_none_60b5254171f9507e\COMCTL32.dll
0x00007ffbe5d80000 - 0x00007ffbe5da2000 	C:\Windows\System32\win32u.dll
0x00007ffbe6600000 - 0x00007ffbe662b000 	C:\Windows\System32\GDI32.dll
0x00007ffbe6300000 - 0x00007ffbe640d000 	C:\Windows\System32\gdi32full.dll
0x00007ffbe5be0000 - 0x00007ffbe5c7d000 	C:\Windows\System32\msvcp_win.dll
0x00007ffbdee10000 - 0x00007ffbdee1a000 	C:\Windows\SYSTEM32\VERSION.dll
0x00007ffbe7ec0000 - 0x00007ffbe7ef0000 	C:\Windows\System32\IMM32.DLL
0x00007ffbdfbb0000 - 0x00007ffbdfbbc000 	C:\Program Files\Java\jdk-17\bin\vcruntime140_1.dll
0x00007ffbb79f0000 - 0x00007ffbb7a7e000 	C:\Program Files\Java\jdk-17\bin\msvcp140.dll
0x00007ffb6a870000 - 0x00007ffb6b447000 	C:\Program Files\Java\jdk-17\bin\server\jvm.dll
0x00007ffbe6be0000 - 0x00007ffbe6be8000 	C:\Windows\System32\PSAPI.DLL
0x00007ffbcb9d0000 - 0x00007ffbcb9d9000 	C:\Windows\SYSTEM32\WSOCK32.dll
0x00007ffbe7420000 - 0x00007ffbe748b000 	C:\Windows\System32\WS2_32.dll
0x00007ffbd6800000 - 0x00007ffbd6827000 	C:\Windows\SYSTEM32\WINMM.dll
0x00007ffbe3340000 - 0x00007ffbe3352000 	C:\Windows\SYSTEM32\kernel.appcore.dll
0x00007ffbdf930000 - 0x00007ffbdf93a000 	C:\Program Files\Java\jdk-17\bin\jimage.dll
0x00007ffbe5480000 - 0x00007ffbe5664000 	C:\Windows\SYSTEM32\DBGHELP.DLL
0x00007ffbe5450000 - 0x00007ffbe547c000 	C:\Windows\SYSTEM32\dbgcore.DLL
0x00007ffbe6270000 - 0x00007ffbe62f3000 	C:\Windows\System32\bcryptPrimitives.dll
0x00007ffbd3550000 - 0x00007ffbd3575000 	C:\Program Files\Java\jdk-17\bin\java.dll
0x00007ffba7540000 - 0x00007ffba7617000 	C:\Program Files\Java\jdk-17\bin\jsvml.dll
0x00007ffbe6bf0000 - 0x00007ffbe7334000 	C:\Windows\System32\SHELL32.dll
0x00007ffbe3540000 - 0x00007ffbe3cd4000 	C:\Windows\SYSTEM32\windows.storage.dll
0x00007ffbe7490000 - 0x00007ffbe77e5000 	C:\Windows\System32\combase.dll
0x00007ffbe4e20000 - 0x00007ffbe4e4e000 	C:\Windows\SYSTEM32\Wldp.dll
0x00007ffbe68a0000 - 0x00007ffbe694d000 	C:\Windows\System32\SHCORE.dll
0x00007ffbe80d0000 - 0x00007ffbe8125000 	C:\Windows\System32\shlwapi.dll
0x00007ffbe5a20000 - 0x00007ffbe5a3f000 	C:\Windows\SYSTEM32\profapi.dll
0x00007ffbd3810000 - 0x00007ffbd3829000 	C:\Program Files\Java\jdk-17\bin\net.dll
0x00007ffbd0d50000 - 0x00007ffbd0e5c000 	C:\Windows\SYSTEM32\WINHTTP.dll
0x00007ffbe4c70000 - 0x00007ffbe4cda000 	C:\Windows\system32\mswsock.dll
0x00007ffbd36d0000 - 0x00007ffbd36e6000 	C:\Program Files\Java\jdk-17\bin\nio.dll
0x00007ffbd1510000 - 0x00007ffbd1528000 	C:\Program Files\Java\jdk-17\bin\zip.dll

dbghelp: loaded successfully - version: 4.0.5 - missing functions: none
symbol engine: initialized successfully - sym options: 0x614 - pdb path: .;C:\Program Files\Java\jdk-17\bin;C:\Windows\SYSTEM32;C:\Windows\WinSxS\amd64_microsoft.windows.common-controls_6595b64144ccf1df_6.0.19041.1110_none_60b5254171f9507e;C:\Program Files\Java\jdk-17\bin\server

VM Arguments:
jvm_args: -Xmx64m -Xms64m -Dorg.gradle.appname=gradlew 
java_command: org.gradle.wrapper.GradleWrapperMain clean build --refresh-dependencies
java_class_path (initial): D:\LabMobil\RandomFacts\\gradle\wrapper\gradle-wrapper.jar
Launcher Type: SUN_STANDARD

[Global flags]
     intx CICompilerCount                          = 4                                         {product} {ergonomic}
     uint ConcGCThreads                            = 3                                         {product} {ergonomic}
     uint G1ConcRefinementThreads                  = 10                                        {product} {ergonomic}
   size_t G1HeapRegionSize                         = 1048576                                   {product} {ergonomic}
    uintx GCDrainStackTargetSize                   = 64                                        {product} {ergonomic}
   size_t InitialHeapSize                          = 67108864                                  {product} {command line}
   size_t MarkStackSize                            = 4194304                                   {product} {ergonomic}
   size_t MaxHeapSize                              = 67108864                                  {product} {command line}
   size_t MaxNewSize                               = 39845888                                  {product} {ergonomic}
   size_t MinHeapDeltaBytes                        = 1048576                                   {product} {ergonomic}
   size_t MinHeapSize                              = 67108864                                  {product} {command line}
    uintx NonNMethodCodeHeapSize                   = 5839372                                {pd product} {ergonomic}
    uintx NonProfiledCodeHeapSize                  = 122909434                              {pd product} {ergonomic}
    uintx ProfiledCodeHeapSize                     = 122909434                              {pd product} {ergonomic}
    uintx ReservedCodeCacheSize                    = 251658240                              {pd product} {ergonomic}
     bool SegmentedCodeCache                       = true                                      {product} {ergonomic}
   size_t SoftMaxHeapSize                          = 67108864                               {manageable} {ergonomic}
     bool UseCompressedClassPointers               = true                           {product lp64_product} {ergonomic}
     bool UseCompressedOops                        = true                           {product lp64_product} {ergonomic}
     bool UseG1GC                                  = true                                      {product} {ergonomic}
     bool UseLargePagesIndividualAllocation        = false                                  {pd product} {ergonomic}

Logging:
Log output configuration:
 #0: stdout all=warning uptime,level,tags
 #1: stderr all=off uptime,level,tags

Environment Variables:
JAVA_HOME=C:\Program Files\Java\jdk-17
CLASSPATH=D:\LabMobil\RandomFacts\\gradle\wrapper\gradle-wrapper.jar
PATH=C:\Program Files\Microsoft\jdk-11.0.16.101-hotspot\bin;C:\Program Files\Common Files\Oracle\Java\javapath;C:\Program Files (x86)\Common Files\Oracle\Java\javapath;C:\Windows\system32;C:\Windows;C:\Windows\System32\Wbem;C:\Windows\System32\WindowsPowerShell\v1.0\;C:\Windows\System32\OpenSSH\;C:\Program Files\Microsoft SQL Server\150\Tools\Binn\;C:\Program Files (x86)\Microsoft SQL Server\160\DTS\Binn\;C:\Program Files\Azure Data Studio\bin;C:\Program Files (x86)\Microsoft SQL Server\160\Tools\Binn\;C:\Program Files\Microsoft SQL Server\160\Tools\Binn\;C:\Program Files\Microsoft SQL Server\Client SDK\ODBC\170\Tools\Binn\;C:\Program Files\Microsoft SQL Server\160\DTS\Binn\;C:\ProgramData\chocolatey\bin;C:\Program Files\nodejs\;C:\Program Files\MongoDB\mongosh-2.0.2-win32-x64\bin;C:\Program Files\NVIDIA Corporation\NVIDIA NvDLISR;C:\Program Files (x86)\NVIDIA Corporation\PhysX\Common;C:\Program Files\dotnet\;C:\Program Files (x86)\Windows Kits\10\Windows Performance Toolkit\;C:\Program Files\Java\jdk-17\bin;C:\Program Files\Azure Data Studio\bin;C:\Users\User\AppData\Roaming\npm;C:\Users\User\.dotnet\tools;D:\НУ ОП\4 курс 126\Дипломна робота\SQLite;C:\Users\User\AppData\Local\Android\Sdk\platform-tools;
USERNAME=User
OS=Windows_NT
PROCESSOR_IDENTIFIER=AMD64 Family 23 Model 96 Stepping 1, AuthenticAMD



---------------  S Y S T E M  ---------------

OS:
 Windows 10 , 64 bit Build 19041 (10.0.19041.1348)
OS uptime: 8 days 20:58 hours
Hyper-V role detected

CPU: total 12 (initial active 12) (12 cores per cpu, 2 threads per core) family 23 model 96 stepping 1 microcode 0x0, cx8, cmov, fxsr, ht, mmx, 3dnowpref, sse, sse2, sse3, ssse3, sse4a, sse4.1, sse4.2, popcnt, lzcnt, tsc, tscinvbit, avx, avx2, aes, clmul, bmi1, bmi2, adx, sha, fma, vzeroupper, clflush, clflushopt, hv

Memory: 4k page, system-wide physical 16253M (2442M free)
TotalPageFile size 20235M (AvailPageFile size 2M)
current process WorkingSet (physical memory assigned to process): 32M, peak: 32M
current process commit charge ("private bytes"): 147M, peak: 147M

vm_info: Java HotSpot(TM) 64-Bit Server VM (17.0.6+9-LTS-190) for windows-amd64 JRE (17.0.6+9-LTS-190), built on Dec  6 2022 15:53:54 by "mach5one" with MS VC++ 17.1 (VS2022)

END.
